Analysis & Synthesis report for VendingMachine
Mon Jul 28 22:25:20 2025
Quartus Prime Version 24.1std.0 Build 1077 03/04/2025 SC Lite Edition


---------------------
; Table of Contents ;
---------------------
  1. Legal Notice
  2. Analysis & Synthesis Summary
  3. Analysis & Synthesis Settings
  4. Parallel Compilation
  5. Analysis & Synthesis Source Files Read
  6. Analysis & Synthesis Resource Usage Summary
  7. Analysis & Synthesis Resource Utilization by Entity
  8. State Machine - |VendingMachine|StateMachine:state_machine0|present_state_signal
  9. User-Specified and Inferred Latches
 10. General Register Statistics
 11. Multiplexer Restructuring Statistics (Restructuring Performed)
 12. Port Connectivity Checks: "DisplayDecimal:display0"
 13. Port Connectivity Checks: "DisplayDecimal:display1"
 14. Port Connectivity Checks: "DisplayDecimal:display2"
 15. Port Connectivity Checks: "DisplayDecimal:display3"
 16. Port Connectivity Checks: "DisplayDecimal:display4"
 17. Port Connectivity Checks: "DisplayHexadecimal:display5"
 18. Port Connectivity Checks: "StateMachine:state_machine0"
 19. Post-Synthesis Netlist Statistics for Top Partition
 20. Elapsed Time Per Partition
 21. Analysis & Synthesis Messages



----------------
; Legal Notice ;
----------------
Copyright (C) 2025  Altera Corporation. All rights reserved.
Your use of Altera Corporation's design tools, logic functions 
and other software and tools, and any partner logic 
functions, and any output files from any of the foregoing 
(including device programming or simulation files), and any 
associated documentation or information are expressly subject 
to the terms and conditions of the Altera Program License 
Subscription Agreement, the Altera Quartus Prime License Agreement,
the Altera IP License Agreement, or other applicable license
agreement, including, without limitation, that your use is for
the sole purpose of programming logic devices manufactured by
Altera and sold by Altera or its authorized distributors.  Please
refer to the Altera Software License Subscription Agreements 
on the Quartus Prime software download page.



+--------------------------------------------------------------------------------------+
; Analysis & Synthesis Summary                                                         ;
+------------------------------------+-------------------------------------------------+
; Analysis & Synthesis Status        ; Successful - Mon Jul 28 22:25:20 2025           ;
; Quartus Prime Version              ; 24.1std.0 Build 1077 03/04/2025 SC Lite Edition ;
; Revision Name                      ; VendingMachine                                  ;
; Top-level Entity Name              ; VendingMachine                                  ;
; Family                             ; MAX 10                                          ;
; Total logic elements               ; 73                                              ;
;     Total combinational functions  ; 71                                              ;
;     Dedicated logic registers      ; 17                                              ;
; Total registers                    ; 17                                              ;
; Total pins                         ; 50                                              ;
; Total virtual pins                 ; 0                                               ;
; Total memory bits                  ; 0                                               ;
; Embedded Multiplier 9-bit elements ; 0                                               ;
; Total PLLs                         ; 0                                               ;
; UFM blocks                         ; 0                                               ;
; ADC blocks                         ; 0                                               ;
+------------------------------------+-------------------------------------------------+


+------------------------------------------------------------------------------------------------------------+
; Analysis & Synthesis Settings                                                                              ;
+------------------------------------------------------------------+--------------------+--------------------+
; Option                                                           ; Setting            ; Default Value      ;
+------------------------------------------------------------------+--------------------+--------------------+
; Device                                                           ; 10M50DAF484C7G     ;                    ;
; Top-level entity name                                            ; VendingMachine     ; VendingMachine     ;
; Family name                                                      ; MAX 10             ; Cyclone V          ;
; Use smart compilation                                            ; Off                ; Off                ;
; Enable parallel Assembler and Timing Analyzer during compilation ; On                 ; On                 ;
; Enable compact report table                                      ; Off                ; Off                ;
; Restructure Multiplexers                                         ; Auto               ; Auto               ;
; Create Debugging Nodes for IP Cores                              ; Off                ; Off                ;
; Preserve fewer node names                                        ; On                 ; On                 ;
; Intel FPGA IP Evaluation Mode                                    ; Enable             ; Enable             ;
; Verilog Version                                                  ; Verilog_2001       ; Verilog_2001       ;
; VHDL Version                                                     ; VHDL_1993          ; VHDL_1993          ;
; State Machine Processing                                         ; Auto               ; Auto               ;
; Safe State Machine                                               ; Off                ; Off                ;
; Extract Verilog State Machines                                   ; On                 ; On                 ;
; Extract VHDL State Machines                                      ; On                 ; On                 ;
; Ignore Verilog initial constructs                                ; Off                ; Off                ;
; Iteration limit for constant Verilog loops                       ; 5000               ; 5000               ;
; Iteration limit for non-constant Verilog loops                   ; 250                ; 250                ;
; Add Pass-Through Logic to Inferred RAMs                          ; On                 ; On                 ;
; Infer RAMs from Raw Logic                                        ; On                 ; On                 ;
; Parallel Synthesis                                               ; On                 ; On                 ;
; DSP Block Balancing                                              ; Auto               ; Auto               ;
; NOT Gate Push-Back                                               ; On                 ; On                 ;
; Power-Up Don't Care                                              ; On                 ; On                 ;
; Remove Redundant Logic Cells                                     ; Off                ; Off                ;
; Remove Duplicate Registers                                       ; On                 ; On                 ;
; Ignore CARRY Buffers                                             ; Off                ; Off                ;
; Ignore CASCADE Buffers                                           ; Off                ; Off                ;
; Ignore GLOBAL Buffers                                            ; Off                ; Off                ;
; Ignore ROW GLOBAL Buffers                                        ; Off                ; Off                ;
; Ignore LCELL Buffers                                             ; Off                ; Off                ;
; Ignore SOFT Buffers                                              ; On                 ; On                 ;
; Limit AHDL Integers to 32 Bits                                   ; Off                ; Off                ;
; Optimization Technique                                           ; Balanced           ; Balanced           ;
; Carry Chain Length                                               ; 70                 ; 70                 ;
; Auto Carry Chains                                                ; On                 ; On                 ;
; Auto Open-Drain Pins                                             ; On                 ; On                 ;
; Perform WYSIWYG Primitive Resynthesis                            ; Off                ; Off                ;
; Auto ROM Replacement                                             ; On                 ; On                 ;
; Auto RAM Replacement                                             ; On                 ; On                 ;
; Auto DSP Block Replacement                                       ; On                 ; On                 ;
; Auto Shift Register Replacement                                  ; Auto               ; Auto               ;
; Allow Shift Register Merging across Hierarchies                  ; Auto               ; Auto               ;
; Auto Clock Enable Replacement                                    ; On                 ; On                 ;
; Strict RAM Replacement                                           ; Off                ; Off                ;
; Allow Synchronous Control Signals                                ; On                 ; On                 ;
; Force Use of Synchronous Clear Signals                           ; Off                ; Off                ;
; Auto RAM Block Balancing                                         ; On                 ; On                 ;
; Auto RAM to Logic Cell Conversion                                ; Off                ; Off                ;
; Auto Resource Sharing                                            ; Off                ; Off                ;
; Allow Any RAM Size For Recognition                               ; Off                ; Off                ;
; Allow Any ROM Size For Recognition                               ; Off                ; Off                ;
; Allow Any Shift Register Size For Recognition                    ; Off                ; Off                ;
; Use LogicLock Constraints during Resource Balancing              ; On                 ; On                 ;
; Ignore translate_off and synthesis_off directives                ; Off                ; Off                ;
; Timing-Driven Synthesis                                          ; On                 ; On                 ;
; Report Parameter Settings                                        ; On                 ; On                 ;
; Report Source Assignments                                        ; On                 ; On                 ;
; Report Connectivity Checks                                       ; On                 ; On                 ;
; Ignore Maximum Fan-Out Assignments                               ; Off                ; Off                ;
; Synchronization Register Chain Length                            ; 2                  ; 2                  ;
; Power Optimization During Synthesis                              ; Normal compilation ; Normal compilation ;
; HDL message level                                                ; Level2             ; Level2             ;
; Suppress Register Optimization Related Messages                  ; Off                ; Off                ;
; Number of Removed Registers Reported in Synthesis Report         ; 5000               ; 5000               ;
; Number of Swept Nodes Reported in Synthesis Report               ; 5000               ; 5000               ;
; Number of Inverted Registers Reported in Synthesis Report        ; 100                ; 100                ;
; Clock MUX Protection                                             ; On                 ; On                 ;
; Auto Gated Clock Conversion                                      ; Off                ; Off                ;
; Block Design Naming                                              ; Auto               ; Auto               ;
; SDC constraint protection                                        ; Off                ; Off                ;
; Synthesis Effort                                                 ; Auto               ; Auto               ;
; Shift Register Replacement - Allow Asynchronous Clear Signal     ; On                 ; On                 ;
; Pre-Mapping Resynthesis Optimization                             ; Off                ; Off                ;
; Analysis & Synthesis Message Level                               ; Medium             ; Medium             ;
; Disable Register Merging Across Hierarchies                      ; Auto               ; Auto               ;
; Resource Aware Inference For Block RAM                           ; On                 ; On                 ;
+------------------------------------------------------------------+--------------------+--------------------+


+------------------------------------------+
; Parallel Compilation                     ;
+----------------------------+-------------+
; Processors                 ; Number      ;
+----------------------------+-------------+
; Number detected on machine ; 32          ;
; Maximum allowed            ; 16          ;
;                            ;             ;
; Average used               ; 1.00        ;
; Maximum used               ; 16          ;
;                            ;             ;
; Usage by Processor         ; % Time Used ;
;     Processor 1            ; 100.0%      ;
;     Processors 2-16        ;   0.0%      ;
+----------------------------+-------------+


+-------------------------------------------------------------------------------------------------------------------------------------------------------------------------+
; Analysis & Synthesis Source Files Read                                                                                                                                  ;
+----------------------------------+-----------------+-----------------+----------------------------------------------------------------------------------------+---------+
; File Name with User-Entered Path ; Used in Netlist ; File Type       ; File Name with Absolute Path                                                           ; Library ;
+----------------------------------+-----------------+-----------------+----------------------------------------------------------------------------------------+---------+
; VendingMachine.vhd               ; yes             ; User VHDL File  ; /home/anthony/Documents/UFABC/SD-Projeto/Quartus/VendingMachine/VendingMachine.vhd     ;         ;
; WorkPackages.vhd                 ; yes             ; User VHDL File  ; /home/anthony/Documents/UFABC/SD-Projeto/Quartus/VendingMachine/WorkPackages.vhd       ;         ;
; DisplayDecimal.vhd               ; yes             ; User VHDL File  ; /home/anthony/Documents/UFABC/SD-Projeto/Quartus/VendingMachine/DisplayDecimal.vhd     ;         ;
; DisplayHexadecimal.vhd           ; yes             ; User VHDL File  ; /home/anthony/Documents/UFABC/SD-Projeto/Quartus/VendingMachine/DisplayHexadecimal.vhd ;         ;
; StateMachine.vhd                 ; yes             ; User VHDL File  ; /home/anthony/Documents/UFABC/SD-Projeto/Quartus/VendingMachine/StateMachine.vhd       ;         ;
; Clock.vhd                        ; yes             ; User VHDL File  ; /home/anthony/Documents/UFABC/SD-Projeto/Quartus/VendingMachine/Clock.vhd              ;         ;
+----------------------------------+-----------------+-----------------+----------------------------------------------------------------------------------------+---------+


+--------------------------------------------------------------+
; Analysis & Synthesis Resource Usage Summary                  ;
+---------------------------------------------+----------------+
; Resource                                    ; Usage          ;
+---------------------------------------------+----------------+
; Estimated Total logic elements              ; 73             ;
;                                             ;                ;
; Total combinational functions               ; 71             ;
; Logic element usage by number of LUT inputs ;                ;
;     -- 4 input functions                    ; 48             ;
;     -- 3 input functions                    ; 16             ;
;     -- <=2 input functions                  ; 7              ;
;                                             ;                ;
; Logic elements by mode                      ;                ;
;     -- normal mode                          ; 71             ;
;     -- arithmetic mode                      ; 0              ;
;                                             ;                ;
; Total registers                             ; 17             ;
;     -- Dedicated logic registers            ; 17             ;
;     -- I/O registers                        ; 0              ;
;                                             ;                ;
; I/O pins                                    ; 50             ;
;                                             ;                ;
; Embedded Multiplier 9-bit elements          ; 0              ;
;                                             ;                ;
; Maximum fan-out node                        ; CLOCK_50~input ;
; Maximum fan-out                             ; 17             ;
; Total fan-out                               ; 384            ;
; Average fan-out                             ; 2.04           ;
+---------------------------------------------+----------------+


+---------------------------------------------------------------------------------------------------------------------------------------------------------------------------------------------------------------------------------------------------------------------+
; Analysis & Synthesis Resource Utilization by Entity                                                                                                                                                                                                                 ;
+----------------------------------+---------------------+---------------------------+-------------+------------+--------------+---------+-----------+------+--------------+------------+---------------------------------------------+----------------+--------------+
; Compilation Hierarchy Node       ; Combinational ALUTs ; Dedicated Logic Registers ; Memory Bits ; UFM Blocks ; DSP Elements ; DSP 9x9 ; DSP 18x18 ; Pins ; Virtual Pins ; ADC blocks ; Full Hierarchy Name                         ; Entity Name    ; Library Name ;
+----------------------------------+---------------------+---------------------------+-------------+------------+--------------+---------+-----------+------+--------------+------------+---------------------------------------------+----------------+--------------+
; |VendingMachine                  ; 71 (5)              ; 17 (0)                    ; 0           ; 0          ; 0            ; 0       ; 0         ; 50   ; 0            ; 0          ; |VendingMachine                             ; VendingMachine ; work         ;
;    |DisplayDecimal:display0|     ; 7 (7)               ; 0 (0)                     ; 0           ; 0          ; 0            ; 0       ; 0         ; 0    ; 0            ; 0          ; |VendingMachine|DisplayDecimal:display0     ; DisplayDecimal ; work         ;
;    |DisplayDecimal:display1|     ; 7 (7)               ; 0 (0)                     ; 0           ; 0          ; 0            ; 0       ; 0         ; 0    ; 0            ; 0          ; |VendingMachine|DisplayDecimal:display1     ; DisplayDecimal ; work         ;
;    |DisplayDecimal:display3|     ; 6 (6)               ; 0 (0)                     ; 0           ; 0          ; 0            ; 0       ; 0         ; 0    ; 0            ; 0          ; |VendingMachine|DisplayDecimal:display3     ; DisplayDecimal ; work         ;
;    |StateMachine:state_machine0| ; 46 (46)             ; 17 (17)                   ; 0           ; 0          ; 0            ; 0       ; 0         ; 0    ; 0            ; 0          ; |VendingMachine|StateMachine:state_machine0 ; StateMachine   ; work         ;
+----------------------------------+---------------------+---------------------------+-------------+------------+--------------+---------+-----------+------+--------------+------------+---------------------------------------------+----------------+--------------+
Note: For table entries with two numbers listed, the numbers in parentheses indicate the number of resources of the given type used by the specific entity alone. The numbers listed outside of parentheses indicate the total resources of the given type used by the specific entity and all of its sub-entities in the hierarchy.


Encoding Type:  One-Hot
+---------------------------------------------------------------------------------------------------------------------------------------------------------------------------------------------------------------------------------------------------------------------------------------------------------------------------------------------------+
; State Machine - |VendingMachine|StateMachine:state_machine0|present_state_signal                                                                                                                                                                                                                                                                  ;
+------------------------------+------------------------------+---------------------------+---------------------------+---------------------------+---------------------------+---------------------------+---------------------------+---------------------------+---------------------------+--------------------------+--------------------------+
; Name                         ; present_state_signal.stcandy ; present_state_signal.st45 ; present_state_signal.st40 ; present_state_signal.st35 ; present_state_signal.st30 ; present_state_signal.st25 ; present_state_signal.st20 ; present_state_signal.st15 ; present_state_signal.st10 ; present_state_signal.st5 ; present_state_signal.st0 ;
+------------------------------+------------------------------+---------------------------+---------------------------+---------------------------+---------------------------+---------------------------+---------------------------+---------------------------+---------------------------+--------------------------+--------------------------+
; present_state_signal.st0     ; 0                            ; 0                         ; 0                         ; 0                         ; 0                         ; 0                         ; 0                         ; 0                         ; 0                         ; 0                        ; 0                        ;
; present_state_signal.st5     ; 0                            ; 0                         ; 0                         ; 0                         ; 0                         ; 0                         ; 0                         ; 0                         ; 0                         ; 1                        ; 1                        ;
; present_state_signal.st10    ; 0                            ; 0                         ; 0                         ; 0                         ; 0                         ; 0                         ; 0                         ; 0                         ; 1                         ; 0                        ; 1                        ;
; present_state_signal.st15    ; 0                            ; 0                         ; 0                         ; 0                         ; 0                         ; 0                         ; 0                         ; 1                         ; 0                         ; 0                        ; 1                        ;
; present_state_signal.st20    ; 0                            ; 0                         ; 0                         ; 0                         ; 0                         ; 0                         ; 1                         ; 0                         ; 0                         ; 0                        ; 1                        ;
; present_state_signal.st25    ; 0                            ; 0                         ; 0                         ; 0                         ; 0                         ; 1                         ; 0                         ; 0                         ; 0                         ; 0                        ; 1                        ;
; present_state_signal.st30    ; 0                            ; 0                         ; 0                         ; 0                         ; 1                         ; 0                         ; 0                         ; 0                         ; 0                         ; 0                        ; 1                        ;
; present_state_signal.st35    ; 0                            ; 0                         ; 0                         ; 1                         ; 0                         ; 0                         ; 0                         ; 0                         ; 0                         ; 0                        ; 1                        ;
; present_state_signal.st40    ; 0                            ; 0                         ; 1                         ; 0                         ; 0                         ; 0                         ; 0                         ; 0                         ; 0                         ; 0                        ; 1                        ;
; present_state_signal.st45    ; 0                            ; 1                         ; 0                         ; 0                         ; 0                         ; 0                         ; 0                         ; 0                         ; 0                         ; 0                        ; 1                        ;
; present_state_signal.stcandy ; 1                            ; 0                         ; 0                         ; 0                         ; 0                         ; 0                         ; 0                         ; 0                         ; 0                         ; 0                        ; 1                        ;
+------------------------------+------------------------------+---------------------------+---------------------------+---------------------------+---------------------------+---------------------------+---------------------------+---------------------------+---------------------------+--------------------------+--------------------------+


+----------------------------------------------------------------------------------------------------------------------+
; User-Specified and Inferred Latches                                                                                  ;
+----------------------------------------------------+----------------------------------------+------------------------+
; Latch Name                                         ; Latch Enable Signal                    ; Free of Timing Hazards ;
+----------------------------------------------------+----------------------------------------+------------------------+
; StateMachine:state_machine0|nickel_out_signal[0]   ; StateMachine:state_machine0|Selector17 ; yes                    ;
; StateMachine:state_machine0|nickel_out_signal[1]   ; StateMachine:state_machine0|Selector17 ; yes                    ;
; StateMachine:state_machine0|nickel_out_signal[2]   ; StateMachine:state_machine0|Selector17 ; yes                    ;
; StateMachine:state_machine0|nickel_out_signal[3]   ; StateMachine:state_machine0|Selector17 ; yes                    ;
; StateMachine:state_machine0|dime_out_signal[0]     ; StateMachine:state_machine0|Selector0  ; yes                    ;
; StateMachine:state_machine0|dime_out_signal[1]     ; StateMachine:state_machine0|Selector0  ; yes                    ;
; StateMachine:state_machine0|dime_out_signal[2]     ; StateMachine:state_machine0|Selector0  ; yes                    ;
; StateMachine:state_machine0|dime_out_signal[3]     ; StateMachine:state_machine0|Selector0  ; yes                    ;
; Number of user-specified and inferred latches = 8  ;                                        ;                        ;
+----------------------------------------------------+----------------------------------------+------------------------+
Note: All latches listed above may not be present at the end of synthesis due to various synthesis optimizations.


+------------------------------------------------------+
; General Register Statistics                          ;
+----------------------------------------------+-------+
; Statistic                                    ; Value ;
+----------------------------------------------+-------+
; Total registers                              ; 17    ;
; Number of registers using Synchronous Clear  ; 0     ;
; Number of registers using Synchronous Load   ; 0     ;
; Number of registers using Asynchronous Clear ; 11    ;
; Number of registers using Asynchronous Load  ; 0     ;
; Number of registers using Clock Enable       ; 6     ;
; Number of registers using Preset             ; 0     ;
+----------------------------------------------+-------+


+----------------------------------------------------------------------------------------------------------------------------------------------------------------------+
; Multiplexer Restructuring Statistics (Restructuring Performed)                                                                                                       ;
+--------------------+-----------+---------------+----------------------+------------------------+------------+--------------------------------------------------------+
; Multiplexer Inputs ; Bus Width ; Baseline Area ; Area if Restructured ; Saving if Restructured ; Registered ; Example Multiplexer Output                             ;
+--------------------+-----------+---------------+----------------------+------------------------+------------+--------------------------------------------------------+
; 4:1                ; 4 bits    ; 8 LEs         ; 4 LEs                ; 4 LEs                  ; No         ; |VendingMachine|StateMachine:state_machine0|Selector11 ;
; 4:1                ; 4 bits    ; 8 LEs         ; 4 LEs                ; 4 LEs                  ; No         ; |VendingMachine|StateMachine:state_machine0|Selector14 ;
+--------------------+-----------+---------------+----------------------+------------------------+------------+--------------------------------------------------------+


+-----------------------------------------------------+
; Port Connectivity Checks: "DisplayDecimal:display0" ;
+------+-------+----------+---------------------------+
; Port ; Type  ; Severity ; Details                   ;
+------+-------+----------+---------------------------+
; en   ; Input ; Info     ; Stuck at VCC              ;
+------+-------+----------+---------------------------+


+-----------------------------------------------------+
; Port Connectivity Checks: "DisplayDecimal:display1" ;
+------+-------+----------+---------------------------+
; Port ; Type  ; Severity ; Details                   ;
+------+-------+----------+---------------------------+
; en   ; Input ; Info     ; Stuck at VCC              ;
+------+-------+----------+---------------------------+


+-----------------------------------------------------+
; Port Connectivity Checks: "DisplayDecimal:display2" ;
+--------+-------+----------+-------------------------+
; Port   ; Type  ; Severity ; Details                 ;
+--------+-------+----------+-------------------------+
; en     ; Input ; Info     ; Stuck at VCC            ;
; dig[3] ; Input ; Info     ; Stuck at GND            ;
; dig[1] ; Input ; Info     ; Stuck at GND            ;
+--------+-------+----------+-------------------------+


+-----------------------------------------------------+
; Port Connectivity Checks: "DisplayDecimal:display3" ;
+--------+-------+----------+-------------------------+
; Port   ; Type  ; Severity ; Details                 ;
+--------+-------+----------+-------------------------+
; en     ; Input ; Info     ; Stuck at VCC            ;
; dig[3] ; Input ; Info     ; Stuck at GND            ;
+--------+-------+----------+-------------------------+


+-----------------------------------------------------+
; Port Connectivity Checks: "DisplayDecimal:display4" ;
+-----------+-------+----------+----------------------+
; Port      ; Type  ; Severity ; Details              ;
+-----------+-------+----------+----------------------+
; en        ; Input ; Info     ; Stuck at VCC         ;
; dig[3..1] ; Input ; Info     ; Stuck at GND         ;
+-----------+-------+----------+----------------------+


+---------------------------------------------------------+
; Port Connectivity Checks: "DisplayHexadecimal:display5" ;
+--------+-------+----------+-----------------------------+
; Port   ; Type  ; Severity ; Details                     ;
+--------+-------+----------+-----------------------------+
; en     ; Input ; Info     ; Stuck at GND                ;
; dig[3] ; Input ; Info     ; Stuck at GND                ;
+--------+-------+----------+-----------------------------+


+-----------------------------------------------------------------------------------------------------------------------------+
; Port Connectivity Checks: "StateMachine:state_machine0"                                                                     ;
+-------------------+--------+----------+-------------------------------------------------------------------------------------+
; Port              ; Type   ; Severity ; Details                                                                             ;
+-------------------+--------+----------+-------------------------------------------------------------------------------------+
; present_state.st0 ; Output ; Info     ; Connected to dangling logic. Logic that only feeds a dangling port will be removed. ;
+-------------------+--------+----------+-------------------------------------------------------------------------------------+


+-----------------------------------------------------+
; Post-Synthesis Netlist Statistics for Top Partition ;
+-----------------------+-----------------------------+
; Type                  ; Count                       ;
+-----------------------+-----------------------------+
; boundary_port         ; 50                          ;
; cycloneiii_ff         ; 17                          ;
;     CLR               ; 11                          ;
;     ENA               ; 6                           ;
; cycloneiii_lcell_comb ; 77                          ;
;     normal            ; 77                          ;
;         0 data inputs ; 2                           ;
;         1 data inputs ; 5                           ;
;         2 data inputs ; 6                           ;
;         3 data inputs ; 16                          ;
;         4 data inputs ; 48                          ;
;                       ;                             ;
; Max LUT depth         ; 3.00                        ;
; Average LUT depth     ; 2.07                        ;
+-----------------------+-----------------------------+


+-------------------------------+
; Elapsed Time Per Partition    ;
+----------------+--------------+
; Partition Name ; Elapsed Time ;
+----------------+--------------+
; Top            ; 00:00:00     ;
+----------------+--------------+


+-------------------------------+
; Analysis & Synthesis Messages ;
+-------------------------------+
Info: *******************************************************************
Info: Running Quartus Prime Analysis & Synthesis
    Info: Version 24.1std.0 Build 1077 03/04/2025 SC Lite Edition
    Info: Processing started: Mon Jul 28 22:25:13 2025
Info: Command: quartus_map --read_settings_files=on --write_settings_files=off VendingMachine -c VendingMachine
Warning (18236): Number of processors has not been specified which may cause overloading on shared machines.  Set the global assignment NUM_PARALLEL_PROCESSORS in your QSF to an appropriate value for best performance.
Info (20030): Parallel compilation is enabled and will use 16 of the 16 processors detected
Info (12021): Found 2 design units, including 1 entities, in source file VendingMachine.vhd
    Info (12022): Found design unit 1: VendingMachine-VendingMachine_ARCH File: /home/anthony/Documents/UFABC/SD-Projeto/Quartus/VendingMachine/VendingMachine.vhd Line: 23
    Info (12023): Found entity 1: VendingMachine File: /home/anthony/Documents/UFABC/SD-Projeto/Quartus/VendingMachine/VendingMachine.vhd Line: 8
Info (12021): Found 6 design units, including 0 entities, in source file WorkPackages.vhd
    Info (12022): Found design unit 1: clock_system File: /home/anthony/Documents/UFABC/SD-Projeto/Quartus/VendingMachine/WorkPackages.vhd Line: 4
    Info (12022): Found design unit 2: clock_system-body File: /home/anthony/Documents/UFABC/SD-Projeto/Quartus/VendingMachine/WorkPackages.vhd Line: 13
    Info (12022): Found design unit 3: vending_machine File: /home/anthony/Documents/UFABC/SD-Projeto/Quartus/VendingMachine/WorkPackages.vhd Line: 19
    Info (12022): Found design unit 4: vending_machine-body File: /home/anthony/Documents/UFABC/SD-Projeto/Quartus/VendingMachine/WorkPackages.vhd Line: 33
    Info (12022): Found design unit 5: display_segment File: /home/anthony/Documents/UFABC/SD-Projeto/Quartus/VendingMachine/WorkPackages.vhd Line: 39
    Info (12022): Found design unit 6: display_segment-body File: /home/anthony/Documents/UFABC/SD-Projeto/Quartus/VendingMachine/WorkPackages.vhd Line: 56
Info (12021): Found 2 design units, including 1 entities, in source file DisplayDecimal.vhd
    Info (12022): Found design unit 1: DisplayDecimal-DisplayDecimal_ARCH File: /home/anthony/Documents/UFABC/SD-Projeto/Quartus/VendingMachine/DisplayDecimal.vhd Line: 12
    Info (12023): Found entity 1: DisplayDecimal File: /home/anthony/Documents/UFABC/SD-Projeto/Quartus/VendingMachine/DisplayDecimal.vhd Line: 4
Info (12021): Found 2 design units, including 1 entities, in source file DisplayHexadecimal.vhd
    Info (12022): Found design unit 1: DisplayHexadecimal-DisplayHexadecimal_ARCH File: /home/anthony/Documents/UFABC/SD-Projeto/Quartus/VendingMachine/DisplayHexadecimal.vhd Line: 12
    Info (12023): Found entity 1: DisplayHexadecimal File: /home/anthony/Documents/UFABC/SD-Projeto/Quartus/VendingMachine/DisplayHexadecimal.vhd Line: 4
Info (12021): Found 2 design units, including 1 entities, in source file StateMachine.vhd
    Info (12022): Found design unit 1: StateMachine-StateMachine_ARCH File: /home/anthony/Documents/UFABC/SD-Projeto/Quartus/VendingMachine/StateMachine.vhd Line: 17
    Info (12023): Found entity 1: StateMachine File: /home/anthony/Documents/UFABC/SD-Projeto/Quartus/VendingMachine/StateMachine.vhd Line: 6
Info (12021): Found 2 design units, including 1 entities, in source file Clock.vhd
    Info (12022): Found design unit 1: Clock-Clock_ARCH File: /home/anthony/Documents/UFABC/SD-Projeto/Quartus/VendingMachine/Clock.vhd Line: 11
    Info (12023): Found entity 1: Clock File: /home/anthony/Documents/UFABC/SD-Projeto/Quartus/VendingMachine/Clock.vhd Line: 4
Info (12127): Elaborating entity "VendingMachine" for the top level hierarchy
Info (12128): Elaborating entity "Clock" for hierarchy "Clock:clock0" File: /home/anthony/Documents/UFABC/SD-Projeto/Quartus/VendingMachine/VendingMachine.vhd Line: 32
Info (12128): Elaborating entity "StateMachine" for hierarchy "StateMachine:state_machine0" File: /home/anthony/Documents/UFABC/SD-Projeto/Quartus/VendingMachine/VendingMachine.vhd Line: 39
Warning (10492): VHDL Process Statement warning at StateMachine.vhd(123): signal "nickel_out_signal" is read inside the Process Statement but isn't in the Process Statement's sensitivity list File: /home/anthony/Documents/UFABC/SD-Projeto/Quartus/VendingMachine/StateMachine.vhd Line: 123
Warning (10492): VHDL Process Statement warning at StateMachine.vhd(124): signal "dime_out_signal" is read inside the Process Statement but isn't in the Process Statement's sensitivity list File: /home/anthony/Documents/UFABC/SD-Projeto/Quartus/VendingMachine/StateMachine.vhd Line: 124
Warning (10492): VHDL Process Statement warning at StateMachine.vhd(129): signal "nickel_out_signal" is read inside the Process Statement but isn't in the Process Statement's sensitivity list File: /home/anthony/Documents/UFABC/SD-Projeto/Quartus/VendingMachine/StateMachine.vhd Line: 129
Warning (10492): VHDL Process Statement warning at StateMachine.vhd(130): signal "dime_out_signal" is read inside the Process Statement but isn't in the Process Statement's sensitivity list File: /home/anthony/Documents/UFABC/SD-Projeto/Quartus/VendingMachine/StateMachine.vhd Line: 130
Warning (10492): VHDL Process Statement warning at StateMachine.vhd(135): signal "nickel_out_signal" is read inside the Process Statement but isn't in the Process Statement's sensitivity list File: /home/anthony/Documents/UFABC/SD-Projeto/Quartus/VendingMachine/StateMachine.vhd Line: 135
Warning (10492): VHDL Process Statement warning at StateMachine.vhd(136): signal "dime_out_signal" is read inside the Process Statement but isn't in the Process Statement's sensitivity list File: /home/anthony/Documents/UFABC/SD-Projeto/Quartus/VendingMachine/StateMachine.vhd Line: 136
Warning (10492): VHDL Process Statement warning at StateMachine.vhd(141): signal "nickel_out_signal" is read inside the Process Statement but isn't in the Process Statement's sensitivity list File: /home/anthony/Documents/UFABC/SD-Projeto/Quartus/VendingMachine/StateMachine.vhd Line: 141
Warning (10492): VHDL Process Statement warning at StateMachine.vhd(142): signal "dime_out_signal" is read inside the Process Statement but isn't in the Process Statement's sensitivity list File: /home/anthony/Documents/UFABC/SD-Projeto/Quartus/VendingMachine/StateMachine.vhd Line: 142
Warning (10492): VHDL Process Statement warning at StateMachine.vhd(147): signal "nickel_out_signal" is read inside the Process Statement but isn't in the Process Statement's sensitivity list File: /home/anthony/Documents/UFABC/SD-Projeto/Quartus/VendingMachine/StateMachine.vhd Line: 147
Warning (10492): VHDL Process Statement warning at StateMachine.vhd(148): signal "dime_out_signal" is read inside the Process Statement but isn't in the Process Statement's sensitivity list File: /home/anthony/Documents/UFABC/SD-Projeto/Quartus/VendingMachine/StateMachine.vhd Line: 148
Warning (10492): VHDL Process Statement warning at StateMachine.vhd(169): signal "nickel_out_signal" is read inside the Process Statement but isn't in the Process Statement's sensitivity list File: /home/anthony/Documents/UFABC/SD-Projeto/Quartus/VendingMachine/StateMachine.vhd Line: 169
Warning (10492): VHDL Process Statement warning at StateMachine.vhd(170): signal "dime_out_signal" is read inside the Process Statement but isn't in the Process Statement's sensitivity list File: /home/anthony/Documents/UFABC/SD-Projeto/Quartus/VendingMachine/StateMachine.vhd Line: 170
Warning (10631): VHDL Process Statement warning at StateMachine.vhd(48): inferring latch(es) for signal or variable "nickel_out_signal", which holds its previous value in one or more paths through the process File: /home/anthony/Documents/UFABC/SD-Projeto/Quartus/VendingMachine/StateMachine.vhd Line: 48
Warning (10631): VHDL Process Statement warning at StateMachine.vhd(48): inferring latch(es) for signal or variable "dime_out_signal", which holds its previous value in one or more paths through the process File: /home/anthony/Documents/UFABC/SD-Projeto/Quartus/VendingMachine/StateMachine.vhd Line: 48
Info (10041): Inferred latch for "dime_out_signal[0]" at StateMachine.vhd(48) File: /home/anthony/Documents/UFABC/SD-Projeto/Quartus/VendingMachine/StateMachine.vhd Line: 48
Info (10041): Inferred latch for "dime_out_signal[1]" at StateMachine.vhd(48) File: /home/anthony/Documents/UFABC/SD-Projeto/Quartus/VendingMachine/StateMachine.vhd Line: 48
Info (10041): Inferred latch for "dime_out_signal[2]" at StateMachine.vhd(48) File: /home/anthony/Documents/UFABC/SD-Projeto/Quartus/VendingMachine/StateMachine.vhd Line: 48
Info (10041): Inferred latch for "dime_out_signal[3]" at StateMachine.vhd(48) File: /home/anthony/Documents/UFABC/SD-Projeto/Quartus/VendingMachine/StateMachine.vhd Line: 48
Info (10041): Inferred latch for "nickel_out_signal[0]" at StateMachine.vhd(48) File: /home/anthony/Documents/UFABC/SD-Projeto/Quartus/VendingMachine/StateMachine.vhd Line: 48
Info (10041): Inferred latch for "nickel_out_signal[1]" at StateMachine.vhd(48) File: /home/anthony/Documents/UFABC/SD-Projeto/Quartus/VendingMachine/StateMachine.vhd Line: 48
Info (10041): Inferred latch for "nickel_out_signal[2]" at StateMachine.vhd(48) File: /home/anthony/Documents/UFABC/SD-Projeto/Quartus/VendingMachine/StateMachine.vhd Line: 48
Info (10041): Inferred latch for "nickel_out_signal[3]" at StateMachine.vhd(48) File: /home/anthony/Documents/UFABC/SD-Projeto/Quartus/VendingMachine/StateMachine.vhd Line: 48
Info (12128): Elaborating entity "DisplayHexadecimal" for hierarchy "DisplayHexadecimal:display5" File: /home/anthony/Documents/UFABC/SD-Projeto/Quartus/VendingMachine/VendingMachine.vhd Line: 53
Info (12128): Elaborating entity "DisplayDecimal" for hierarchy "DisplayDecimal:display4" File: /home/anthony/Documents/UFABC/SD-Projeto/Quartus/VendingMachine/VendingMachine.vhd Line: 61
Warning (13012): Latch StateMachine:state_machine0|nickel_out_signal[0] has unsafe behavior File: /home/anthony/Documents/UFABC/SD-Projeto/Quartus/VendingMachine/StateMachine.vhd Line: 48
    Warning (13013): Ports D and ENA on the latch are fed by the same signal StateMachine:state_machine0|present_state_signal.stcandy File: /home/anthony/Documents/UFABC/SD-Projeto/Quartus/VendingMachine/StateMachine.vhd Line: 18
Warning (13012): Latch StateMachine:state_machine0|nickel_out_signal[1] has unsafe behavior File: /home/anthony/Documents/UFABC/SD-Projeto/Quartus/VendingMachine/StateMachine.vhd Line: 48
    Warning (13013): Ports D and ENA on the latch are fed by the same signal StateMachine:state_machine0|present_state_signal.stcandy File: /home/anthony/Documents/UFABC/SD-Projeto/Quartus/VendingMachine/StateMachine.vhd Line: 18
Warning (13012): Latch StateMachine:state_machine0|nickel_out_signal[2] has unsafe behavior File: /home/anthony/Documents/UFABC/SD-Projeto/Quartus/VendingMachine/StateMachine.vhd Line: 48
    Warning (13013): Ports D and ENA on the latch are fed by the same signal StateMachine:state_machine0|present_state_signal.stcandy File: /home/anthony/Documents/UFABC/SD-Projeto/Quartus/VendingMachine/StateMachine.vhd Line: 18
Warning (13012): Latch StateMachine:state_machine0|nickel_out_signal[3] has unsafe behavior File: /home/anthony/Documents/UFABC/SD-Projeto/Quartus/VendingMachine/StateMachine.vhd Line: 48
    Warning (13013): Ports D and ENA on the latch are fed by the same signal StateMachine:state_machine0|present_state_signal.stcandy File: /home/anthony/Documents/UFABC/SD-Projeto/Quartus/VendingMachine/StateMachine.vhd Line: 18
Warning (13012): Latch StateMachine:state_machine0|dime_out_signal[0] has unsafe behavior File: /home/anthony/Documents/UFABC/SD-Projeto/Quartus/VendingMachine/StateMachine.vhd Line: 48
    Warning (13013): Ports D and ENA on the latch are fed by the same signal StateMachine:state_machine0|present_state_signal.stcandy File: /home/anthony/Documents/UFABC/SD-Projeto/Quartus/VendingMachine/StateMachine.vhd Line: 18
Warning (13012): Latch StateMachine:state_machine0|dime_out_signal[1] has unsafe behavior File: /home/anthony/Documents/UFABC/SD-Projeto/Quartus/VendingMachine/StateMachine.vhd Line: 48
    Warning (13013): Ports D and ENA on the latch are fed by the same signal StateMachine:state_machine0|present_state_signal.stcandy File: /home/anthony/Documents/UFABC/SD-Projeto/Quartus/VendingMachine/StateMachine.vhd Line: 18
Warning (13012): Latch StateMachine:state_machine0|dime_out_signal[2] has unsafe behavior File: /home/anthony/Documents/UFABC/SD-Projeto/Quartus/VendingMachine/StateMachine.vhd Line: 48
    Warning (13013): Ports D and ENA on the latch are fed by the same signal StateMachine:state_machine0|present_state_signal.stcandy File: /home/anthony/Documents/UFABC/SD-Projeto/Quartus/VendingMachine/StateMachine.vhd Line: 18
Warning (13012): Latch StateMachine:state_machine0|dime_out_signal[3] has unsafe behavior File: /home/anthony/Documents/UFABC/SD-Projeto/Quartus/VendingMachine/StateMachine.vhd Line: 48
    Warning (13013): Ports D and ENA on the latch are fed by the same signal StateMachine:state_machine0|present_state_signal.stcandy File: /home/anthony/Documents/UFABC/SD-Projeto/Quartus/VendingMachine/StateMachine.vhd Line: 18
Warning (13024): Output pins are stuck at VCC or GND
    Warning (13410): Pin "HEX2[0]" is stuck at GND File: /home/anthony/Documents/UFABC/SD-Projeto/Quartus/VendingMachine/VendingMachine.vhd Line: 15
    Warning (13410): Pin "HEX2[2]" is stuck at GND File: /home/anthony/Documents/UFABC/SD-Projeto/Quartus/VendingMachine/VendingMachine.vhd Line: 15
    Warning (13410): Pin "HEX2[3]" is stuck at GND File: /home/anthony/Documents/UFABC/SD-Projeto/Quartus/VendingMachine/VendingMachine.vhd Line: 15
    Warning (13410): Pin "HEX2[5]" is stuck at GND File: /home/anthony/Documents/UFABC/SD-Projeto/Quartus/VendingMachine/VendingMachine.vhd Line: 15
    Warning (13410): Pin "HEX3[1]" is stuck at GND File: /home/anthony/Documents/UFABC/SD-Projeto/Quartus/VendingMachine/VendingMachine.vhd Line: 16
    Warning (13410): Pin "HEX4[1]" is stuck at GND File: /home/anthony/Documents/UFABC/SD-Projeto/Quartus/VendingMachine/VendingMachine.vhd Line: 17
    Warning (13410): Pin "HEX4[2]" is stuck at GND File: /home/anthony/Documents/UFABC/SD-Projeto/Quartus/VendingMachine/VendingMachine.vhd Line: 17
    Warning (13410): Pin "HEX4[6]" is stuck at VCC File: /home/anthony/Documents/UFABC/SD-Projeto/Quartus/VendingMachine/VendingMachine.vhd Line: 17
    Warning (13410): Pin "HEX5[0]" is stuck at VCC File: /home/anthony/Documents/UFABC/SD-Projeto/Quartus/VendingMachine/VendingMachine.vhd Line: 18
    Warning (13410): Pin "HEX5[1]" is stuck at VCC File: /home/anthony/Documents/UFABC/SD-Projeto/Quartus/VendingMachine/VendingMachine.vhd Line: 18
    Warning (13410): Pin "HEX5[2]" is stuck at VCC File: /home/anthony/Documents/UFABC/SD-Projeto/Quartus/VendingMachine/VendingMachine.vhd Line: 18
    Warning (13410): Pin "HEX5[3]" is stuck at VCC File: /home/anthony/Documents/UFABC/SD-Projeto/Quartus/VendingMachine/VendingMachine.vhd Line: 18
    Warning (13410): Pin "HEX5[4]" is stuck at VCC File: /home/anthony/Documents/UFABC/SD-Projeto/Quartus/VendingMachine/VendingMachine.vhd Line: 18
    Warning (13410): Pin "HEX5[5]" is stuck at VCC File: /home/anthony/Documents/UFABC/SD-Projeto/Quartus/VendingMachine/VendingMachine.vhd Line: 18
    Warning (13410): Pin "HEX5[6]" is stuck at VCC File: /home/anthony/Documents/UFABC/SD-Projeto/Quartus/VendingMachine/VendingMachine.vhd Line: 18
Info (286030): Timing-Driven Synthesis is running
Warning (20013): Ignored 185 assignments for entity "DE10_Lite" -- entity does not exist in design
    Warning (20014): Assignment for entity set_instance_assignment -name IO_STANDARD "3.3-V LVTTL" -to ARDUINO_IO[0] -entity DE10_Lite was ignored
    Warning (20014): Assignment for entity set_instance_assignment -name IO_STANDARD "3.3-V LVTTL" -to ARDUINO_IO[10] -entity DE10_Lite was ignored
    Warning (20014): Assignment for entity set_instance_assignment -name IO_STANDARD "3.3-V LVTTL" -to ARDUINO_IO[11] -entity DE10_Lite was ignored
    Warning (20014): Assignment for entity set_instance_assignment -name IO_STANDARD "3.3-V LVTTL" -to ARDUINO_IO[12] -entity DE10_Lite was ignored
    Warning (20014): Assignment for entity set_instance_assignment -name IO_STANDARD "3.3-V LVTTL" -to ARDUINO_IO[13] -entity DE10_Lite was ignored
    Warning (20014): Assignment for entity set_instance_assignment -name IO_STANDARD "3.3-V LVTTL" -to ARDUINO_IO[14] -entity DE10_Lite was ignored
    Warning (20014): Assignment for entity set_instance_assignment -name IO_STANDARD "3.3-V LVTTL" -to ARDUINO_IO[15] -entity DE10_Lite was ignored
    Warning (20014): Assignment for entity set_instance_assignment -name IO_STANDARD "3.3-V LVTTL" -to ARDUINO_IO[1] -entity DE10_Lite was ignored
    Warning (20014): Assignment for entity set_instance_assignment -name IO_STANDARD "3.3-V LVTTL" -to ARDUINO_IO[2] -entity DE10_Lite was ignored
    Warning (20014): Assignment for entity set_instance_assignment -name IO_STANDARD "3.3-V LVTTL" -to ARDUINO_IO[3] -entity DE10_Lite was ignored
    Warning (20014): Assignment for entity set_instance_assignment -name IO_STANDARD "3.3-V LVTTL" -to ARDUINO_IO[4] -entity DE10_Lite was ignored
    Warning (20014): Assignment for entity set_instance_assignment -name IO_STANDARD "3.3-V LVTTL" -to ARDUINO_IO[5] -entity DE10_Lite was ignored
    Warning (20014): Assignment for entity set_instance_assignment -name IO_STANDARD "3.3-V LVTTL" -to ARDUINO_IO[6] -entity DE10_Lite was ignored
    Warning (20014): Assignment for entity set_instance_assignment -name IO_STANDARD "3.3-V LVTTL" -to ARDUINO_IO[7] -entity DE10_Lite was ignored
    Warning (20014): Assignment for entity set_instance_assignment -name IO_STANDARD "3.3-V LVTTL" -to ARDUINO_IO[8] -entity DE10_Lite was ignored
    Warning (20014): Assignment for entity set_instance_assignment -name IO_STANDARD "3.3-V LVTTL" -to ARDUINO_IO[9] -entity DE10_Lite was ignored
    Warning (20014): Assignment for entity set_instance_assignment -name IO_STANDARD "3.3-V LVTTL" -to ARDUINO_RESET_N -entity DE10_Lite was ignored
    Warning (20014): Assignment for entity set_instance_assignment -name IO_STANDARD "3.3-V LVTTL" -to CLOCK2_50 -entity DE10_Lite was ignored
    Warning (20014): Assignment for entity set_instance_assignment -name IO_STANDARD "3.3-V LVTTL" -to CLOCK_50 -entity DE10_Lite was ignored
    Warning (20014): Assignment for entity set_instance_assignment -name IO_STANDARD "3.3-V LVTTL" -to CLOCK_ADC_10 -entity DE10_Lite was ignored
    Warning (20014): Assignment for entity set_instance_assignment -name IO_STANDARD "3.3-V LVTTL" -to DRAM_ADDR[0] -entity DE10_Lite was ignored
    Warning (20014): Assignment for entity set_instance_assignment -name IO_STANDARD "3.3-V LVTTL" -to DRAM_ADDR[10] -entity DE10_Lite was ignored
    Warning (20014): Assignment for entity set_instance_assignment -name IO_STANDARD "3.3-V LVTTL" -to DRAM_ADDR[11] -entity DE10_Lite was ignored
    Warning (20014): Assignment for entity set_instance_assignment -name IO_STANDARD "3.3-V LVTTL" -to DRAM_ADDR[12] -entity DE10_Lite was ignored
    Warning (20014): Assignment for entity set_instance_assignment -name IO_STANDARD "3.3-V LVTTL" -to DRAM_ADDR[1] -entity DE10_Lite was ignored
    Warning (20014): Assignment for entity set_instance_assignment -name IO_STANDARD "3.3-V LVTTL" -to DRAM_ADDR[2] -entity DE10_Lite was ignored
    Warning (20014): Assignment for entity set_instance_assignment -name IO_STANDARD "3.3-V LVTTL" -to DRAM_ADDR[3] -entity DE10_Lite was ignored
    Warning (20014): Assignment for entity set_instance_assignment -name IO_STANDARD "3.3-V LVTTL" -to DRAM_ADDR[4] -entity DE10_Lite was ignored
    Warning (20014): Assignment for entity set_instance_assignment -name IO_STANDARD "3.3-V LVTTL" -to DRAM_ADDR[5] -entity DE10_Lite was ignored
    Warning (20014): Assignment for entity set_instance_assignment -name IO_STANDARD "3.3-V LVTTL" -to DRAM_ADDR[6] -entity DE10_Lite was ignored
    Warning (20014): Assignment for entity set_instance_assignment -name IO_STANDARD "3.3-V LVTTL" -to DRAM_ADDR[7] -entity DE10_Lite was ignored
    Warning (20014): Assignment for entity set_instance_assignment -name IO_STANDARD "3.3-V LVTTL" -to DRAM_ADDR[8] -entity DE10_Lite was ignored
    Warning (20014): Assignment for entity set_instance_assignment -name IO_STANDARD "3.3-V LVTTL" -to DRAM_ADDR[9] -entity DE10_Lite was ignored
    Warning (20014): Assignment for entity set_instance_assignment -name IO_STANDARD "3.3-V LVTTL" -to DRAM_BA[0] -entity DE10_Lite was ignored
    Warning (20014): Assignment for entity set_instance_assignment -name IO_STANDARD "3.3-V LVTTL" -to DRAM_BA[1] -entity DE10_Lite was ignored
    Warning (20014): Assignment for entity set_instance_assignment -name IO_STANDARD "3.3-V LVTTL" -to DRAM_CAS_N -entity DE10_Lite was ignored
    Warning (20014): Assignment for entity set_instance_assignment -name IO_STANDARD "3.3-V LVTTL" -to DRAM_CKE -entity DE10_Lite was ignored
    Warning (20014): Assignment for entity set_instance_assignment -name IO_STANDARD "3.3-V LVTTL" -to DRAM_CLK -entity DE10_Lite was ignored
    Warning (20014): Assignment for entity set_instance_assignment -name IO_STANDARD "3.3-V LVTTL" -to DRAM_CS_N -entity DE10_Lite was ignored
    Warning (20014): Assignment for entity set_instance_assignment -name IO_STANDARD "3.3-V LVTTL" -to DRAM_DQ[0] -entity DE10_Lite was ignored
    Warning (20014): Assignment for entity set_instance_assignment -name IO_STANDARD "3.3-V LVTTL" -to DRAM_DQ[10] -entity DE10_Lite was ignored
    Warning (20014): Assignment for entity set_instance_assignment -name IO_STANDARD "3.3-V LVTTL" -to DRAM_DQ[11] -entity DE10_Lite was ignored
    Warning (20014): Assignment for entity set_instance_assignment -name IO_STANDARD "3.3-V LVTTL" -to DRAM_DQ[12] -entity DE10_Lite was ignored
    Warning (20014): Assignment for entity set_instance_assignment -name IO_STANDARD "3.3-V LVTTL" -to DRAM_DQ[13] -entity DE10_Lite was ignored
    Warning (20014): Assignment for entity set_instance_assignment -name IO_STANDARD "3.3-V LVTTL" -to DRAM_DQ[14] -entity DE10_Lite was ignored
    Warning (20014): Assignment for entity set_instance_assignment -name IO_STANDARD "3.3-V LVTTL" -to DRAM_DQ[15] -entity DE10_Lite was ignored
    Warning (20014): Assignment for entity set_instance_assignment -name IO_STANDARD "3.3-V LVTTL" -to DRAM_DQ[1] -entity DE10_Lite was ignored
    Warning (20014): Assignment for entity set_instance_assignment -name IO_STANDARD "3.3-V LVTTL" -to DRAM_DQ[2] -entity DE10_Lite was ignored
    Warning (20014): Assignment for entity set_instance_assignment -name IO_STANDARD "3.3-V LVTTL" -to DRAM_DQ[3] -entity DE10_Lite was ignored
    Warning (20014): Assignment for entity set_instance_assignment -name IO_STANDARD "3.3-V LVTTL" -to DRAM_DQ[4] -entity DE10_Lite was ignored
    Warning (20014): Assignment for entity set_instance_assignment -name IO_STANDARD "3.3-V LVTTL" -to DRAM_DQ[5] -entity DE10_Lite was ignored
    Warning (20014): Assignment for entity set_instance_assignment -name IO_STANDARD "3.3-V LVTTL" -to DRAM_DQ[6] -entity DE10_Lite was ignored
    Warning (20014): Assignment for entity set_instance_assignment -name IO_STANDARD "3.3-V LVTTL" -to DRAM_DQ[7] -entity DE10_Lite was ignored
    Warning (20014): Assignment for entity set_instance_assignment -name IO_STANDARD "3.3-V LVTTL" -to DRAM_DQ[8] -entity DE10_Lite was ignored
    Warning (20014): Assignment for entity set_instance_assignment -name IO_STANDARD "3.3-V LVTTL" -to DRAM_DQ[9] -entity DE10_Lite was ignored
    Warning (20014): Assignment for entity set_instance_assignment -name IO_STANDARD "3.3-V LVTTL" -to DRAM_LDQM -entity DE10_Lite was ignored
    Warning (20014): Assignment for entity set_instance_assignment -name IO_STANDARD "3.3-V LVTTL" -to DRAM_RAS_N -entity DE10_Lite was ignored
    Warning (20014): Assignment for entity set_instance_assignment -name IO_STANDARD "3.3-V LVTTL" -to DRAM_UDQM -entity DE10_Lite was ignored
    Warning (20014): Assignment for entity set_instance_assignment -name IO_STANDARD "3.3-V LVTTL" -to DRAM_WE_N -entity DE10_Lite was ignored
    Warning (20014): Assignment for entity set_instance_assignment -name IO_STANDARD "3.3-V LVTTL" -to GPIO[0] -entity DE10_Lite was ignored
    Warning (20014): Assignment for entity set_instance_assignment -name IO_STANDARD "3.3-V LVTTL" -to GPIO[10] -entity DE10_Lite was ignored
    Warning (20014): Assignment for entity set_instance_assignment -name IO_STANDARD "3.3-V LVTTL" -to GPIO[11] -entity DE10_Lite was ignored
    Warning (20014): Assignment for entity set_instance_assignment -name IO_STANDARD "3.3-V LVTTL" -to GPIO[12] -entity DE10_Lite was ignored
    Warning (20014): Assignment for entity set_instance_assignment -name IO_STANDARD "3.3-V LVTTL" -to GPIO[13] -entity DE10_Lite was ignored
    Warning (20014): Assignment for entity set_instance_assignment -name IO_STANDARD "3.3-V LVTTL" -to GPIO[14] -entity DE10_Lite was ignored
    Warning (20014): Assignment for entity set_instance_assignment -name IO_STANDARD "3.3-V LVTTL" -to GPIO[15] -entity DE10_Lite was ignored
    Warning (20014): Assignment for entity set_instance_assignment -name IO_STANDARD "3.3-V LVTTL" -to GPIO[16] -entity DE10_Lite was ignored
    Warning (20014): Assignment for entity set_instance_assignment -name IO_STANDARD "3.3-V LVTTL" -to GPIO[17] -entity DE10_Lite was ignored
    Warning (20014): Assignment for entity set_instance_assignment -name IO_STANDARD "3.3-V LVTTL" -to GPIO[18] -entity DE10_Lite was ignored
    Warning (20014): Assignment for entity set_instance_assignment -name IO_STANDARD "3.3-V LVTTL" -to GPIO[19] -entity DE10_Lite was ignored
    Warning (20014): Assignment for entity set_instance_assignment -name IO_STANDARD "3.3-V LVTTL" -to GPIO[1] -entity DE10_Lite was ignored
    Warning (20014): Assignment for entity set_instance_assignment -name IO_STANDARD "3.3-V LVTTL" -to GPIO[20] -entity DE10_Lite was ignored
    Warning (20014): Assignment for entity set_instance_assignment -name IO_STANDARD "3.3-V LVTTL" -to GPIO[21] -entity DE10_Lite was ignored
    Warning (20014): Assignment for entity set_instance_assignment -name IO_STANDARD "3.3-V LVTTL" -to GPIO[22] -entity DE10_Lite was ignored
    Warning (20014): Assignment for entity set_instance_assignment -name IO_STANDARD "3.3-V LVTTL" -to GPIO[23] -entity DE10_Lite was ignored
    Warning (20014): Assignment for entity set_instance_assignment -name IO_STANDARD "3.3-V LVTTL" -to GPIO[24] -entity DE10_Lite was ignored
    Warning (20014): Assignment for entity set_instance_assignment -name IO_STANDARD "3.3-V LVTTL" -to GPIO[25] -entity DE10_Lite was ignored
    Warning (20014): Assignment for entity set_instance_assignment -name IO_STANDARD "3.3-V LVTTL" -to GPIO[26] -entity DE10_Lite was ignored
    Warning (20014): Assignment for entity set_instance_assignment -name IO_STANDARD "3.3-V LVTTL" -to GPIO[27] -entity DE10_Lite was ignored
    Warning (20014): Assignment for entity set_instance_assignment -name IO_STANDARD "3.3-V LVTTL" -to GPIO[28] -entity DE10_Lite was ignored
    Warning (20014): Assignment for entity set_instance_assignment -name IO_STANDARD "3.3-V LVTTL" -to GPIO[29] -entity DE10_Lite was ignored
    Warning (20014): Assignment for entity set_instance_assignment -name IO_STANDARD "3.3-V LVTTL" -to GPIO[2] -entity DE10_Lite was ignored
    Warning (20014): Assignment for entity set_instance_assignment -name IO_STANDARD "3.3-V LVTTL" -to GPIO[30] -entity DE10_Lite was ignored
    Warning (20014): Assignment for entity set_instance_assignment -name IO_STANDARD "3.3-V LVTTL" -to GPIO[31] -entity DE10_Lite was ignored
    Warning (20014): Assignment for entity set_instance_assignment -name IO_STANDARD "3.3-V LVTTL" -to GPIO[32] -entity DE10_Lite was ignored
    Warning (20014): Assignment for entity set_instance_assignment -name IO_STANDARD "3.3-V LVTTL" -to GPIO[33] -entity DE10_Lite was ignored
    Warning (20014): Assignment for entity set_instance_assignment -name IO_STANDARD "3.3-V LVTTL" -to GPIO[34] -entity DE10_Lite was ignored
    Warning (20014): Assignment for entity set_instance_assignment -name IO_STANDARD "3.3-V LVTTL" -to GPIO[35] -entity DE10_Lite was ignored
    Warning (20014): Assignment for entity set_instance_assignment -name IO_STANDARD "3.3-V LVTTL" -to GPIO[3] -entity DE10_Lite was ignored
    Warning (20014): Assignment for entity set_instance_assignment -name IO_STANDARD "3.3-V LVTTL" -to GPIO[4] -entity DE10_Lite was ignored
    Warning (20014): Assignment for entity set_instance_assignment -name IO_STANDARD "3.3-V LVTTL" -to GPIO[5] -entity DE10_Lite was ignored
    Warning (20014): Assignment for entity set_instance_assignment -name IO_STANDARD "3.3-V LVTTL" -to GPIO[6] -entity DE10_Lite was ignored
    Warning (20014): Assignment for entity set_instance_assignment -name IO_STANDARD "3.3-V LVTTL" -to GPIO[7] -entity DE10_Lite was ignored
    Warning (20014): Assignment for entity set_instance_assignment -name IO_STANDARD "3.3-V LVTTL" -to GPIO[8] -entity DE10_Lite was ignored
    Warning (20014): Assignment for entity set_instance_assignment -name IO_STANDARD "3.3-V LVTTL" -to GPIO[9] -entity DE10_Lite was ignored
    Warning (20014): Assignment for entity set_instance_assignment -name IO_STANDARD "3.3-V LVTTL" -to G_SENSOR_CS_N -entity DE10_Lite was ignored
    Warning (20014): Assignment for entity set_instance_assignment -name IO_STANDARD "3.3-V LVTTL" -to G_SENSOR_INT[1] -entity DE10_Lite was ignored
    Warning (20014): Assignment for entity set_instance_assignment -name IO_STANDARD "3.3-V LVTTL" -to G_SENSOR_INT[2] -entity DE10_Lite was ignored
    Warning (20014): Assignment for entity set_instance_assignment -name IO_STANDARD "3.3-V LVTTL" -to G_SENSOR_SCLK -entity DE10_Lite was ignored
    Warning (20014): Assignment for entity set_instance_assignment -name IO_STANDARD "3.3-V LVTTL" -to G_SENSOR_SDI -entity DE10_Lite was ignored
    Warning (20014): Assignment for entity set_instance_assignment -name IO_STANDARD "3.3-V LVTTL" -to G_SENSOR_SDO -entity DE10_Lite was ignored
    Warning (20014): Assignment for entity set_instance_assignment -name IO_STANDARD "3.3-V LVTTL" -to HEX0[0] -entity DE10_Lite was ignored
    Warning (20014): Assignment for entity set_instance_assignment -name IO_STANDARD "3.3-V LVTTL" -to HEX0[1] -entity DE10_Lite was ignored
    Warning (20014): Assignment for entity set_instance_assignment -name IO_STANDARD "3.3-V LVTTL" -to HEX0[2] -entity DE10_Lite was ignored
    Warning (20014): Assignment for entity set_instance_assignment -name IO_STANDARD "3.3-V LVTTL" -to HEX0[3] -entity DE10_Lite was ignored
    Warning (20014): Assignment for entity set_instance_assignment -name IO_STANDARD "3.3-V LVTTL" -to HEX0[4] -entity DE10_Lite was ignored
    Warning (20014): Assignment for entity set_instance_assignment -name IO_STANDARD "3.3-V LVTTL" -to HEX0[5] -entity DE10_Lite was ignored
    Warning (20014): Assignment for entity set_instance_assignment -name IO_STANDARD "3.3-V LVTTL" -to HEX0[6] -entity DE10_Lite was ignored
    Warning (20014): Assignment for entity set_instance_assignment -name IO_STANDARD "3.3-V LVTTL" -to HEX0[7] -entity DE10_Lite was ignored
    Warning (20014): Assignment for entity set_instance_assignment -name IO_STANDARD "3.3-V LVTTL" -to HEX1[0] -entity DE10_Lite was ignored
    Warning (20014): Assignment for entity set_instance_assignment -name IO_STANDARD "3.3-V LVTTL" -to HEX1[1] -entity DE10_Lite was ignored
    Warning (20014): Assignment for entity set_instance_assignment -name IO_STANDARD "3.3-V LVTTL" -to HEX1[2] -entity DE10_Lite was ignored
    Warning (20014): Assignment for entity set_instance_assignment -name IO_STANDARD "3.3-V LVTTL" -to HEX1[3] -entity DE10_Lite was ignored
    Warning (20014): Assignment for entity set_instance_assignment -name IO_STANDARD "3.3-V LVTTL" -to HEX1[4] -entity DE10_Lite was ignored
    Warning (20014): Assignment for entity set_instance_assignment -name IO_STANDARD "3.3-V LVTTL" -to HEX1[5] -entity DE10_Lite was ignored
    Warning (20014): Assignment for entity set_instance_assignment -name IO_STANDARD "3.3-V LVTTL" -to HEX1[6] -entity DE10_Lite was ignored
    Warning (20014): Assignment for entity set_instance_assignment -name IO_STANDARD "3.3-V LVTTL" -to HEX1[7] -entity DE10_Lite was ignored
    Warning (20014): Assignment for entity set_instance_assignment -name IO_STANDARD "3.3-V LVTTL" -to HEX2[0] -entity DE10_Lite was ignored
    Warning (20014): Assignment for entity set_instance_assignment -name IO_STANDARD "3.3-V LVTTL" -to HEX2[1] -entity DE10_Lite was ignored
    Warning (20014): Assignment for entity set_instance_assignment -name IO_STANDARD "3.3-V LVTTL" -to HEX2[2] -entity DE10_Lite was ignored
    Warning (20014): Assignment for entity set_instance_assignment -name IO_STANDARD "3.3-V LVTTL" -to HEX2[3] -entity DE10_Lite was ignored
    Warning (20014): Assignment for entity set_instance_assignment -name IO_STANDARD "3.3-V LVTTL" -to HEX2[4] -entity DE10_Lite was ignored
    Warning (20014): Assignment for entity set_instance_assignment -name IO_STANDARD "3.3-V LVTTL" -to HEX2[5] -entity DE10_Lite was ignored
    Warning (20014): Assignment for entity set_instance_assignment -name IO_STANDARD "3.3-V LVTTL" -to HEX2[6] -entity DE10_Lite was ignored
    Warning (20014): Assignment for entity set_instance_assignment -name IO_STANDARD "3.3-V LVTTL" -to HEX2[7] -entity DE10_Lite was ignored
    Warning (20014): Assignment for entity set_instance_assignment -name IO_STANDARD "3.3-V LVTTL" -to HEX3[0] -entity DE10_Lite was ignored
    Warning (20014): Assignment for entity set_instance_assignment -name IO_STANDARD "3.3-V LVTTL" -to HEX3[1] -entity DE10_Lite was ignored
    Warning (20014): Assignment for entity set_instance_assignment -name IO_STANDARD "3.3-V LVTTL" -to HEX3[2] -entity DE10_Lite was ignored
    Warning (20014): Assignment for entity set_instance_assignment -name IO_STANDARD "3.3-V LVTTL" -to HEX3[3] -entity DE10_Lite was ignored
    Warning (20014): Assignment for entity set_instance_assignment -name IO_STANDARD "3.3-V LVTTL" -to HEX3[4] -entity DE10_Lite was ignored
    Warning (20014): Assignment for entity set_instance_assignment -name IO_STANDARD "3.3-V LVTTL" -to HEX3[5] -entity DE10_Lite was ignored
    Warning (20014): Assignment for entity set_instance_assignment -name IO_STANDARD "3.3-V LVTTL" -to HEX3[6] -entity DE10_Lite was ignored
    Warning (20014): Assignment for entity set_instance_assignment -name IO_STANDARD "3.3-V LVTTL" -to HEX3[7] -entity DE10_Lite was ignored
    Warning (20014): Assignment for entity set_instance_assignment -name IO_STANDARD "3.3-V LVTTL" -to HEX4[0] -entity DE10_Lite was ignored
    Warning (20014): Assignment for entity set_instance_assignment -name IO_STANDARD "3.3-V LVTTL" -to HEX4[1] -entity DE10_Lite was ignored
    Warning (20014): Assignment for entity set_instance_assignment -name IO_STANDARD "3.3-V LVTTL" -to HEX4[2] -entity DE10_Lite was ignored
    Warning (20014): Assignment for entity set_instance_assignment -name IO_STANDARD "3.3-V LVTTL" -to HEX4[3] -entity DE10_Lite was ignored
    Warning (20014): Assignment for entity set_instance_assignment -name IO_STANDARD "3.3-V LVTTL" -to HEX4[4] -entity DE10_Lite was ignored
    Warning (20014): Assignment for entity set_instance_assignment -name IO_STANDARD "3.3-V LVTTL" -to HEX4[5] -entity DE10_Lite was ignored
    Warning (20014): Assignment for entity set_instance_assignment -name IO_STANDARD "3.3-V LVTTL" -to HEX4[6] -entity DE10_Lite was ignored
    Warning (20014): Assignment for entity set_instance_assignment -name IO_STANDARD "3.3-V LVTTL" -to HEX4[7] -entity DE10_Lite was ignored
    Warning (20014): Assignment for entity set_instance_assignment -name IO_STANDARD "3.3-V LVTTL" -to HEX5[0] -entity DE10_Lite was ignored
    Warning (20014): Assignment for entity set_instance_assignment -name IO_STANDARD "3.3-V LVTTL" -to HEX5[1] -entity DE10_Lite was ignored
    Warning (20014): Assignment for entity set_instance_assignment -name IO_STANDARD "3.3-V LVTTL" -to HEX5[2] -entity DE10_Lite was ignored
    Warning (20014): Assignment for entity set_instance_assignment -name IO_STANDARD "3.3-V LVTTL" -to HEX5[3] -entity DE10_Lite was ignored
    Warning (20014): Assignment for entity set_instance_assignment -name IO_STANDARD "3.3-V LVTTL" -to HEX5[4] -entity DE10_Lite was ignored
    Warning (20014): Assignment for entity set_instance_assignment -name IO_STANDARD "3.3-V LVTTL" -to HEX5[5] -entity DE10_Lite was ignored
    Warning (20014): Assignment for entity set_instance_assignment -name IO_STANDARD "3.3-V LVTTL" -to HEX5[6] -entity DE10_Lite was ignored
    Warning (20014): Assignment for entity set_instance_assignment -name IO_STANDARD "3.3-V LVTTL" -to HEX5[7] -entity DE10_Lite was ignored
    Warning (20014): Assignment for entity set_instance_assignment -name IO_STANDARD "3.3 V SCHMITT TRIGGER" -to KEY[0] -entity DE10_Lite was ignored
    Warning (20014): Assignment for entity set_instance_assignment -name IO_STANDARD "3.3 V SCHMITT TRIGGER" -to KEY[1] -entity DE10_Lite was ignored
    Warning (20014): Assignment for entity set_instance_assignment -name IO_STANDARD "3.3-V LVTTL" -to LEDR[0] -entity DE10_Lite was ignored
    Warning (20014): Assignment for entity set_instance_assignment -name IO_STANDARD "3.3-V LVTTL" -to LEDR[1] -entity DE10_Lite was ignored
    Warning (20014): Assignment for entity set_instance_assignment -name IO_STANDARD "3.3-V LVTTL" -to LEDR[2] -entity DE10_Lite was ignored
    Warning (20014): Assignment for entity set_instance_assignment -name IO_STANDARD "3.3-V LVTTL" -to LEDR[3] -entity DE10_Lite was ignored
    Warning (20014): Assignment for entity set_instance_assignment -name IO_STANDARD "3.3-V LVTTL" -to LEDR[4] -entity DE10_Lite was ignored
    Warning (20014): Assignment for entity set_instance_assignment -name IO_STANDARD "3.3-V LVTTL" -to LEDR[5] -entity DE10_Lite was ignored
    Warning (20014): Assignment for entity set_instance_assignment -name IO_STANDARD "3.3-V LVTTL" -to LEDR[6] -entity DE10_Lite was ignored
    Warning (20014): Assignment for entity set_instance_assignment -name IO_STANDARD "3.3-V LVTTL" -to LEDR[7] -entity DE10_Lite was ignored
    Warning (20014): Assignment for entity set_instance_assignment -name IO_STANDARD "3.3-V LVTTL" -to LEDR[8] -entity DE10_Lite was ignored
    Warning (20014): Assignment for entity set_instance_assignment -name IO_STANDARD "3.3-V LVTTL" -to LEDR[9] -entity DE10_Lite was ignored
    Warning (20014): Assignment for entity set_instance_assignment -name IO_STANDARD "3.3-V LVTTL" -to SW[0] -entity DE10_Lite was ignored
    Warning (20014): Assignment for entity set_instance_assignment -name IO_STANDARD "3.3-V LVTTL" -to SW[1] -entity DE10_Lite was ignored
    Warning (20014): Assignment for entity set_instance_assignment -name IO_STANDARD "3.3-V LVTTL" -to SW[2] -entity DE10_Lite was ignored
    Warning (20014): Assignment for entity set_instance_assignment -name IO_STANDARD "3.3-V LVTTL" -to SW[3] -entity DE10_Lite was ignored
    Warning (20014): Assignment for entity set_instance_assignment -name IO_STANDARD "3.3-V LVTTL" -to SW[4] -entity DE10_Lite was ignored
    Warning (20014): Assignment for entity set_instance_assignment -name IO_STANDARD "3.3-V LVTTL" -to SW[5] -entity DE10_Lite was ignored
    Warning (20014): Assignment for entity set_instance_assignment -name IO_STANDARD "3.3-V LVTTL" -to SW[6] -entity DE10_Lite was ignored
    Warning (20014): Assignment for entity set_instance_assignment -name IO_STANDARD "3.3-V LVTTL" -to SW[7] -entity DE10_Lite was ignored
    Warning (20014): Assignment for entity set_instance_assignment -name IO_STANDARD "3.3-V LVTTL" -to SW[8] -entity DE10_Lite was ignored
    Warning (20014): Assignment for entity set_instance_assignment -name IO_STANDARD "3.3-V LVTTL" -to SW[9] -entity DE10_Lite was ignored
    Warning (20014): Assignment for entity set_instance_assignment -name IO_STANDARD "3.3-V LVTTL" -to VGA_B[0] -entity DE10_Lite was ignored
    Warning (20014): Assignment for entity set_instance_assignment -name IO_STANDARD "3.3-V LVTTL" -to VGA_B[1] -entity DE10_Lite was ignored
    Warning (20014): Assignment for entity set_instance_assignment -name IO_STANDARD "3.3-V LVTTL" -to VGA_B[2] -entity DE10_Lite was ignored
    Warning (20014): Assignment for entity set_instance_assignment -name IO_STANDARD "3.3-V LVTTL" -to VGA_B[3] -entity DE10_Lite was ignored
    Warning (20014): Assignment for entity set_instance_assignment -name IO_STANDARD "3.3-V LVTTL" -to VGA_G[0] -entity DE10_Lite was ignored
    Warning (20014): Assignment for entity set_instance_assignment -name IO_STANDARD "3.3-V LVTTL" -to VGA_G[1] -entity DE10_Lite was ignored
    Warning (20014): Assignment for entity set_instance_assignment -name IO_STANDARD "3.3-V LVTTL" -to VGA_G[2] -entity DE10_Lite was ignored
    Warning (20014): Assignment for entity set_instance_assignment -name IO_STANDARD "3.3-V LVTTL" -to VGA_G[3] -entity DE10_Lite was ignored
    Warning (20014): Assignment for entity set_instance_assignment -name IO_STANDARD "3.3-V LVTTL" -to VGA_HS -entity DE10_Lite was ignored
    Warning (20014): Assignment for entity set_instance_assignment -name IO_STANDARD "3.3-V LVTTL" -to VGA_R[0] -entity DE10_Lite was ignored
    Warning (20014): Assignment for entity set_instance_assignment -name IO_STANDARD "3.3-V LVTTL" -to VGA_R[1] -entity DE10_Lite was ignored
    Warning (20014): Assignment for entity set_instance_assignment -name IO_STANDARD "3.3-V LVTTL" -to VGA_R[2] -entity DE10_Lite was ignored
    Warning (20014): Assignment for entity set_instance_assignment -name IO_STANDARD "3.3-V LVTTL" -to VGA_R[3] -entity DE10_Lite was ignored
    Warning (20014): Assignment for entity set_instance_assignment -name IO_STANDARD "3.3-V LVTTL" -to VGA_VS -entity DE10_Lite was ignored
Info (16010): Generating hard_block partition "hard_block:auto_generated_inst"
    Info (16011): Adding 0 node(s), including 0 DDIO, 0 PLL, 0 transceiver and 0 LCELL
Info (21057): Implemented 125 device resources after synthesis - the final resource count might be different
    Info (21058): Implemented 5 input pins
    Info (21059): Implemented 45 output pins
    Info (21061): Implemented 75 logic cells
Info: Quartus Prime Analysis & Synthesis was successful. 0 errors, 233 warnings
    Info: Peak virtual memory: 511 megabytes
    Info: Processing ended: Mon Jul 28 22:25:20 2025
    Info: Elapsed time: 00:00:07
    Info: Total CPU time (on all processors): 00:00:28


